0    [main] INFO  org.eclipse.jetty.server.Server  – jetty-8.1.10.v20130312
48   [main] INFO  org.eclipse.jetty.deploy.providers.ScanningAppProvider  – Deployment monitor /home/ubuntu/EECS549ProjectSolr/solr-4.7.1/example/contexts at interval 0
63   [main] INFO  org.eclipse.jetty.deploy.DeploymentManager  – Deployable added: /home/ubuntu/EECS549ProjectSolr/solr-4.7.1/example/contexts/solr-jetty-context.xml
243  [main] INFO  org.eclipse.jetty.webapp.WebInfConfiguration  – Extract jar:file:/home/ubuntu/EECS549ProjectSolr/solr-4.7.1/example/webapps/solr.war!/ to /home/ubuntu/EECS549ProjectSolr/solr-4.7.1/example/exampledocs/solr-webapp/webapp
3807 [main] INFO  org.eclipse.jetty.webapp.StandardDescriptorProcessor  – NO JSP Support for /solr, did not find org.apache.jasper.servlet.JspServlet
4004 [main] INFO  org.apache.solr.servlet.SolrDispatchFilter  – SolrDispatchFilter.init()
4044 [main] INFO  org.apache.solr.core.SolrResourceLoader  – JNDI not configured for solr (NoInitialContextEx)
4044 [main] INFO  org.apache.solr.core.SolrResourceLoader  – solr home defaulted to 'solr/' (could not find system property or JNDI)
4045 [main] INFO  org.apache.solr.core.SolrResourceLoader  – new SolrResourceLoader for directory: 'solr/'
4375 [main] INFO  org.apache.solr.core.ConfigSolr  – Loading container configuration from /home/ubuntu/EECS549ProjectSolr/solr-4.7.1/example/exampledocs/solr/solr.xml
4399 [main] INFO  org.apache.solr.core.ConfigSolr  – /home/ubuntu/EECS549ProjectSolr/solr-4.7.1/example/exampledocs/solr/solr.xml does not exist, using default configuration
4722 [main] INFO  org.apache.solr.core.CoreContainer  – New CoreContainer 16189702
4723 [main] INFO  org.apache.solr.core.CoreContainer  – Loading cores into CoreContainer [instanceDir=solr/]
4738 [main] INFO  org.apache.solr.handler.component.HttpShardHandlerFactory  – Setting socketTimeout to: 0
4738 [main] INFO  org.apache.solr.handler.component.HttpShardHandlerFactory  – Setting urlScheme to: null
4739 [main] INFO  org.apache.solr.handler.component.HttpShardHandlerFactory  – Setting connTimeout to: 0
4742 [main] INFO  org.apache.solr.handler.component.HttpShardHandlerFactory  – Setting maxConnectionsPerHost to: 20
4743 [main] INFO  org.apache.solr.handler.component.HttpShardHandlerFactory  – Setting corePoolSize to: 0
4743 [main] INFO  org.apache.solr.handler.component.HttpShardHandlerFactory  – Setting maximumPoolSize to: 2147483647
4743 [main] INFO  org.apache.solr.handler.component.HttpShardHandlerFactory  – Setting maxThreadIdleTime to: 5
4744 [main] INFO  org.apache.solr.handler.component.HttpShardHandlerFactory  – Setting sizeOfQueue to: -1
4744 [main] INFO  org.apache.solr.handler.component.HttpShardHandlerFactory  – Setting fairnessPolicy to: false
5223 [main] INFO  org.apache.solr.logging.LogWatcher  – SLF4J impl is org.slf4j.impl.Log4jLoggerFactory
5237 [main] INFO  org.apache.solr.logging.LogWatcher  – Registering Log Listener [Log4j (org.slf4j.impl.Log4jLoggerFactory)]
5238 [main] INFO  org.apache.solr.core.CoreContainer  – Host Name: 
5333 [coreLoadExecutor-4-thread-1] INFO  org.apache.solr.core.CoreContainer  – Creating SolrCore 'collection1' using instanceDir: solr/collection1
5334 [coreLoadExecutor-4-thread-1] INFO  org.apache.solr.core.SolrResourceLoader  – new SolrResourceLoader for directory: 'solr/collection1/'
5429 [coreLoadExecutor-4-thread-1] ERROR org.apache.solr.core.CoreContainer  – Failed to load file /home/ubuntu/EECS549ProjectSolr/solr-4.7.1/example/exampledocs/solr/collection1/solrconfig.xml
5431 [coreLoadExecutor-4-thread-1] ERROR org.apache.solr.core.CoreContainer  – Unable to create core: collection1
org.apache.solr.common.SolrException: Could not load config file /home/ubuntu/EECS549ProjectSolr/solr-4.7.1/example/exampledocs/solr/collection1/solrconfig.xml
	at org.apache.solr.core.CoreContainer.createFromLocal(CoreContainer.java:530)
	at org.apache.solr.core.CoreContainer.create(CoreContainer.java:597)
	at org.apache.solr.core.CoreContainer$1.call(CoreContainer.java:258)
	at org.apache.solr.core.CoreContainer$1.call(CoreContainer.java:250)
	at java.util.concurrent.FutureTask.run(FutureTask.java:262)
	at java.util.concurrent.Executors$RunnableAdapter.call(Executors.java:471)
	at java.util.concurrent.FutureTask.run(FutureTask.java:262)
	at java.util.concurrent.ThreadPoolExecutor.runWorker(ThreadPoolExecutor.java:1145)
	at java.util.concurrent.ThreadPoolExecutor$Worker.run(ThreadPoolExecutor.java:615)
	at java.lang.Thread.run(Thread.java:744)
Caused by: java.io.IOException: Can't find resource 'solrconfig.xml' in classpath or '/home/ubuntu/EECS549ProjectSolr/solr-4.7.1/example/exampledocs/solr/collection1/conf'
	at org.apache.solr.core.SolrResourceLoader.openResource(SolrResourceLoader.java:342)
	at org.apache.solr.core.SolrResourceLoader.openConfig(SolrResourceLoader.java:288)
	at org.apache.solr.core.Config.<init>(Config.java:116)
	at org.apache.solr.core.Config.<init>(Config.java:86)
	at org.apache.solr.core.SolrConfig.<init>(SolrConfig.java:140)
	at org.apache.solr.core.CoreContainer.createFromLocal(CoreContainer.java:527)
	... 9 more
5442 [coreLoadExecutor-4-thread-1] ERROR org.apache.solr.core.CoreContainer  – null:org.apache.solr.common.SolrException: Unable to create core: collection1
	at org.apache.solr.core.CoreContainer.recordAndThrow(CoreContainer.java:989)
	at org.apache.solr.core.CoreContainer.create(CoreContainer.java:606)
	at org.apache.solr.core.CoreContainer$1.call(CoreContainer.java:258)
	at org.apache.solr.core.CoreContainer$1.call(CoreContainer.java:250)
	at java.util.concurrent.FutureTask.run(FutureTask.java:262)
	at java.util.concurrent.Executors$RunnableAdapter.call(Executors.java:471)
	at java.util.concurrent.FutureTask.run(FutureTask.java:262)
	at java.util.concurrent.ThreadPoolExecutor.runWorker(ThreadPoolExecutor.java:1145)
	at java.util.concurrent.ThreadPoolExecutor$Worker.run(ThreadPoolExecutor.java:615)
	at java.lang.Thread.run(Thread.java:744)
Caused by: org.apache.solr.common.SolrException: Could not load config file /home/ubuntu/EECS549ProjectSolr/solr-4.7.1/example/exampledocs/solr/collection1/solrconfig.xml
	at org.apache.solr.core.CoreContainer.createFromLocal(CoreContainer.java:530)
	at org.apache.solr.core.CoreContainer.create(CoreContainer.java:597)
	... 8 more
Caused by: java.io.IOException: Can't find resource 'solrconfig.xml' in classpath or '/home/ubuntu/EECS549ProjectSolr/solr-4.7.1/example/exampledocs/solr/collection1/conf'
	at org.apache.solr.core.SolrResourceLoader.openResource(SolrResourceLoader.java:342)
	at org.apache.solr.core.SolrResourceLoader.openConfig(SolrResourceLoader.java:288)
	at org.apache.solr.core.Config.<init>(Config.java:116)
	at org.apache.solr.core.Config.<init>(Config.java:86)
	at org.apache.solr.core.SolrConfig.<init>(SolrConfig.java:140)
	at org.apache.solr.core.CoreContainer.createFromLocal(CoreContainer.java:527)
	... 9 more

5453 [main] INFO  org.apache.solr.servlet.SolrDispatchFilter  – user.dir=/home/ubuntu/EECS549ProjectSolr/solr-4.7.1/example/exampledocs
5454 [main] INFO  org.apache.solr.servlet.SolrDispatchFilter  – SolrDispatchFilter.init() done
5526 [main] INFO  org.eclipse.jetty.server.AbstractConnector  – Started SocketConnector@0.0.0.0:8983
6849 [qtp1726919333-11] INFO  org.apache.solr.servlet.SolrDispatchFilter  – [admin] webapp=null path=/admin/cores params={indexInfo=false&_=1397519687018&wt=json} status=0 QTime=43 
6960 [qtp1726919333-11] ERROR org.apache.solr.servlet.SolrDispatchFilter  – null:org.apache.solr.common.SolrException: SolrCore 'collection1' is not available due to init failure: Could not load config file /home/ubuntu/EECS549ProjectSolr/solr-4.7.1/example/exampledocs/solr/collection1/solrconfig.xml
	at org.apache.solr.core.CoreContainer.getCore(CoreContainer.java:827)
	at org.apache.solr.servlet.SolrDispatchFilter.doFilter(SolrDispatchFilter.java:317)
	at org.apache.solr.servlet.SolrDispatchFilter.doFilter(SolrDispatchFilter.java:217)
	at org.eclipse.jetty.servlet.ServletHandler$CachedChain.doFilter(ServletHandler.java:1419)
	at org.eclipse.jetty.servlet.ServletHandler.doHandle(ServletHandler.java:455)
	at org.eclipse.jetty.server.handler.ScopedHandler.handle(ScopedHandler.java:137)
	at org.eclipse.jetty.security.SecurityHandler.handle(SecurityHandler.java:557)
	at org.eclipse.jetty.server.session.SessionHandler.doHandle(SessionHandler.java:231)
	at org.eclipse.jetty.server.handler.ContextHandler.doHandle(ContextHandler.java:1075)
	at org.eclipse.jetty.servlet.ServletHandler.doScope(ServletHandler.java:384)
	at org.eclipse.jetty.server.session.SessionHandler.doScope(SessionHandler.java:193)
	at org.eclipse.jetty.server.handler.ContextHandler.doScope(ContextHandler.java:1009)
	at org.eclipse.jetty.server.handler.ScopedHandler.handle(ScopedHandler.java:135)
	at org.eclipse.jetty.server.handler.ContextHandlerCollection.handle(ContextHandlerCollection.java:255)
	at org.eclipse.jetty.server.handler.HandlerCollection.handle(HandlerCollection.java:154)
	at org.eclipse.jetty.server.handler.HandlerWrapper.handle(HandlerWrapper.java:116)
	at org.eclipse.jetty.server.Server.handle(Server.java:368)
	at org.eclipse.jetty.server.AbstractHttpConnection.handleRequest(AbstractHttpConnection.java:489)
	at org.eclipse.jetty.server.BlockingHttpConnection.handleRequest(BlockingHttpConnection.java:53)
	at org.eclipse.jetty.server.AbstractHttpConnection.headerComplete(AbstractHttpConnection.java:942)
	at org.eclipse.jetty.server.AbstractHttpConnection$RequestHandler.headerComplete(AbstractHttpConnection.java:1004)
	at org.eclipse.jetty.http.HttpParser.parseNext(HttpParser.java:640)
	at org.eclipse.jetty.http.HttpParser.parseAvailable(HttpParser.java:235)
	at org.eclipse.jetty.server.BlockingHttpConnection.handle(BlockingHttpConnection.java:72)
	at org.eclipse.jetty.server.bio.SocketConnector$ConnectorEndPoint.run(SocketConnector.java:264)
	at org.eclipse.jetty.util.thread.QueuedThreadPool.runJob(QueuedThreadPool.java:608)
	at org.eclipse.jetty.util.thread.QueuedThreadPool$3.run(QueuedThreadPool.java:543)
	at java.lang.Thread.run(Thread.java:744)
Caused by: org.apache.solr.common.SolrException: Could not load config file /home/ubuntu/EECS549ProjectSolr/solr-4.7.1/example/exampledocs/solr/collection1/solrconfig.xml
	at org.apache.solr.core.CoreContainer.createFromLocal(CoreContainer.java:530)
	at org.apache.solr.core.CoreContainer.create(CoreContainer.java:597)
	at org.apache.solr.core.CoreContainer$1.call(CoreContainer.java:258)
	at org.apache.solr.core.CoreContainer$1.call(CoreContainer.java:250)
	at java.util.concurrent.FutureTask.run(FutureTask.java:262)
	at java.util.concurrent.Executors$RunnableAdapter.call(Executors.java:471)
	at java.util.concurrent.FutureTask.run(FutureTask.java:262)
	at java.util.concurrent.ThreadPoolExecutor.runWorker(ThreadPoolExecutor.java:1145)
	at java.util.concurrent.ThreadPoolExecutor$Worker.run(ThreadPoolExecutor.java:615)
	... 1 more
Caused by: java.io.IOException: Can't find resource 'solrconfig.xml' in classpath or '/home/ubuntu/EECS549ProjectSolr/solr-4.7.1/example/exampledocs/solr/collection1/conf'
	at org.apache.solr.core.SolrResourceLoader.openResource(SolrResourceLoader.java:342)
	at org.apache.solr.core.SolrResourceLoader.openConfig(SolrResourceLoader.java:288)
	at org.apache.solr.core.Config.<init>(Config.java:116)
	at org.apache.solr.core.Config.<init>(Config.java:86)
	at org.apache.solr.core.SolrConfig.<init>(SolrConfig.java:140)
	at org.apache.solr.core.CoreContainer.createFromLocal(CoreContainer.java:527)
	... 9 more

30273 [qtp1726919333-11] ERROR org.apache.solr.servlet.SolrDispatchFilter  – null:org.apache.solr.common.SolrException: SolrCore 'collection1' is not available due to init failure: Could not load config file /home/ubuntu/EECS549ProjectSolr/solr-4.7.1/example/exampledocs/solr/collection1/solrconfig.xml
	at org.apache.solr.core.CoreContainer.getCore(CoreContainer.java:827)
	at org.apache.solr.servlet.SolrDispatchFilter.doFilter(SolrDispatchFilter.java:317)
	at org.apache.solr.servlet.SolrDispatchFilter.doFilter(SolrDispatchFilter.java:217)
	at org.eclipse.jetty.servlet.ServletHandler$CachedChain.doFilter(ServletHandler.java:1419)
	at org.eclipse.jetty.servlet.ServletHandler.doHandle(ServletHandler.java:455)
	at org.eclipse.jetty.server.handler.ScopedHandler.handle(ScopedHandler.java:137)
	at org.eclipse.jetty.security.SecurityHandler.handle(SecurityHandler.java:557)
	at org.eclipse.jetty.server.session.SessionHandler.doHandle(SessionHandler.java:231)
	at org.eclipse.jetty.server.handler.ContextHandler.doHandle(ContextHandler.java:1075)
	at org.eclipse.jetty.servlet.ServletHandler.doScope(ServletHandler.java:384)
	at org.eclipse.jetty.server.session.SessionHandler.doScope(SessionHandler.java:193)
	at org.eclipse.jetty.server.handler.ContextHandler.doScope(ContextHandler.java:1009)
	at org.eclipse.jetty.server.handler.ScopedHandler.handle(ScopedHandler.java:135)
	at org.eclipse.jetty.server.handler.ContextHandlerCollection.handle(ContextHandlerCollection.java:255)
	at org.eclipse.jetty.server.handler.HandlerCollection.handle(HandlerCollection.java:154)
	at org.eclipse.jetty.server.handler.HandlerWrapper.handle(HandlerWrapper.java:116)
	at org.eclipse.jetty.server.Server.handle(Server.java:368)
	at org.eclipse.jetty.server.AbstractHttpConnection.handleRequest(AbstractHttpConnection.java:489)
	at org.eclipse.jetty.server.BlockingHttpConnection.handleRequest(BlockingHttpConnection.java:53)
	at org.eclipse.jetty.server.AbstractHttpConnection.headerComplete(AbstractHttpConnection.java:942)
	at org.eclipse.jetty.server.AbstractHttpConnection$RequestHandler.headerComplete(AbstractHttpConnection.java:1004)
	at org.eclipse.jetty.http.HttpParser.parseNext(HttpParser.java:640)
	at org.eclipse.jetty.http.HttpParser.parseAvailable(HttpParser.java:235)
	at org.eclipse.jetty.server.BlockingHttpConnection.handle(BlockingHttpConnection.java:72)
	at org.eclipse.jetty.server.bio.SocketConnector$ConnectorEndPoint.run(SocketConnector.java:264)
	at org.eclipse.jetty.util.thread.QueuedThreadPool.runJob(QueuedThreadPool.java:608)
	at org.eclipse.jetty.util.thread.QueuedThreadPool$3.run(QueuedThreadPool.java:543)
	at java.lang.Thread.run(Thread.java:744)
Caused by: org.apache.solr.common.SolrException: Could not load config file /home/ubuntu/EECS549ProjectSolr/solr-4.7.1/example/exampledocs/solr/collection1/solrconfig.xml
	at org.apache.solr.core.CoreContainer.createFromLocal(CoreContainer.java:530)
	at org.apache.solr.core.CoreContainer.create(CoreContainer.java:597)
	at org.apache.solr.core.CoreContainer$1.call(CoreContainer.java:258)
	at org.apache.solr.core.CoreContainer$1.call(CoreContainer.java:250)
	at java.util.concurrent.FutureTask.run(FutureTask.java:262)
	at java.util.concurrent.Executors$RunnableAdapter.call(Executors.java:471)
	at java.util.concurrent.FutureTask.run(FutureTask.java:262)
	at java.util.concurrent.ThreadPoolExecutor.runWorker(ThreadPoolExecutor.java:1145)
	at java.util.concurrent.ThreadPoolExecutor$Worker.run(ThreadPoolExecutor.java:615)
	... 1 more
Caused by: java.io.IOException: Can't find resource 'solrconfig.xml' in classpath or '/home/ubuntu/EECS549ProjectSolr/solr-4.7.1/example/exampledocs/solr/collection1/conf'
	at org.apache.solr.core.SolrResourceLoader.openResource(SolrResourceLoader.java:342)
	at org.apache.solr.core.SolrResourceLoader.openConfig(SolrResourceLoader.java:288)
	at org.apache.solr.core.Config.<init>(Config.java:116)
	at org.apache.solr.core.Config.<init>(Config.java:86)
	at org.apache.solr.core.SolrConfig.<init>(SolrConfig.java:140)
	at org.apache.solr.core.CoreContainer.createFromLocal(CoreContainer.java:527)
	... 9 more

37130 [qtp1726919333-12] ERROR org.apache.solr.servlet.SolrDispatchFilter  – null:org.apache.solr.common.SolrException: SolrCore 'collection1' is not available due to init failure: Could not load config file /home/ubuntu/EECS549ProjectSolr/solr-4.7.1/example/exampledocs/solr/collection1/solrconfig.xml
	at org.apache.solr.core.CoreContainer.getCore(CoreContainer.java:827)
	at org.apache.solr.servlet.SolrDispatchFilter.doFilter(SolrDispatchFilter.java:317)
	at org.apache.solr.servlet.SolrDispatchFilter.doFilter(SolrDispatchFilter.java:217)
	at org.eclipse.jetty.servlet.ServletHandler$CachedChain.doFilter(ServletHandler.java:1419)
	at org.eclipse.jetty.servlet.ServletHandler.doHandle(ServletHandler.java:455)
	at org.eclipse.jetty.server.handler.ScopedHandler.handle(ScopedHandler.java:137)
	at org.eclipse.jetty.security.SecurityHandler.handle(SecurityHandler.java:557)
	at org.eclipse.jetty.server.session.SessionHandler.doHandle(SessionHandler.java:231)
	at org.eclipse.jetty.server.handler.ContextHandler.doHandle(ContextHandler.java:1075)
	at org.eclipse.jetty.servlet.ServletHandler.doScope(ServletHandler.java:384)
	at org.eclipse.jetty.server.session.SessionHandler.doScope(SessionHandler.java:193)
	at org.eclipse.jetty.server.handler.ContextHandler.doScope(ContextHandler.java:1009)
	at org.eclipse.jetty.server.handler.ScopedHandler.handle(ScopedHandler.java:135)
	at org.eclipse.jetty.server.handler.ContextHandlerCollection.handle(ContextHandlerCollection.java:255)
	at org.eclipse.jetty.server.handler.HandlerCollection.handle(HandlerCollection.java:154)
	at org.eclipse.jetty.server.handler.HandlerWrapper.handle(HandlerWrapper.java:116)
	at org.eclipse.jetty.server.Server.handle(Server.java:368)
	at org.eclipse.jetty.server.AbstractHttpConnection.handleRequest(AbstractHttpConnection.java:489)
	at org.eclipse.jetty.server.BlockingHttpConnection.handleRequest(BlockingHttpConnection.java:53)
	at org.eclipse.jetty.server.AbstractHttpConnection.headerComplete(AbstractHttpConnection.java:942)
	at org.eclipse.jetty.server.AbstractHttpConnection$RequestHandler.headerComplete(AbstractHttpConnection.java:1004)
	at org.eclipse.jetty.http.HttpParser.parseNext(HttpParser.java:640)
	at org.eclipse.jetty.http.HttpParser.parseAvailable(HttpParser.java:235)
	at org.eclipse.jetty.server.BlockingHttpConnection.handle(BlockingHttpConnection.java:72)
	at org.eclipse.jetty.server.bio.SocketConnector$ConnectorEndPoint.run(SocketConnector.java:264)
	at org.eclipse.jetty.util.thread.QueuedThreadPool.runJob(QueuedThreadPool.java:608)
	at org.eclipse.jetty.util.thread.QueuedThreadPool$3.run(QueuedThreadPool.java:543)
	at java.lang.Thread.run(Thread.java:744)
Caused by: org.apache.solr.common.SolrException: Could not load config file /home/ubuntu/EECS549ProjectSolr/solr-4.7.1/example/exampledocs/solr/collection1/solrconfig.xml
	at org.apache.solr.core.CoreContainer.createFromLocal(CoreContainer.java:530)
	at org.apache.solr.core.CoreContainer.create(CoreContainer.java:597)
	at org.apache.solr.core.CoreContainer$1.call(CoreContainer.java:258)
	at org.apache.solr.core.CoreContainer$1.call(CoreContainer.java:250)
	at java.util.concurrent.FutureTask.run(FutureTask.java:262)
	at java.util.concurrent.Executors$RunnableAdapter.call(Executors.java:471)
	at java.util.concurrent.FutureTask.run(FutureTask.java:262)
	at java.util.concurrent.ThreadPoolExecutor.runWorker(ThreadPoolExecutor.java:1145)
	at java.util.concurrent.ThreadPoolExecutor$Worker.run(ThreadPoolExecutor.java:615)
	... 1 more
Caused by: java.io.IOException: Can't find resource 'solrconfig.xml' in classpath or '/home/ubuntu/EECS549ProjectSolr/solr-4.7.1/example/exampledocs/solr/collection1/conf'
	at org.apache.solr.core.SolrResourceLoader.openResource(SolrResourceLoader.java:342)
	at org.apache.solr.core.SolrResourceLoader.openConfig(SolrResourceLoader.java:288)
	at org.apache.solr.core.Config.<init>(Config.java:116)
	at org.apache.solr.core.Config.<init>(Config.java:86)
	at org.apache.solr.core.SolrConfig.<init>(SolrConfig.java:140)
	at org.apache.solr.core.CoreContainer.createFromLocal(CoreContainer.java:527)
	... 9 more

37314 [qtp1726919333-11] ERROR org.apache.solr.servlet.SolrDispatchFilter  – null:org.apache.solr.common.SolrException: SolrCore 'collection1' is not available due to init failure: Could not load config file /home/ubuntu/EECS549ProjectSolr/solr-4.7.1/example/exampledocs/solr/collection1/solrconfig.xml
	at org.apache.solr.core.CoreContainer.getCore(CoreContainer.java:827)
	at org.apache.solr.servlet.SolrDispatchFilter.doFilter(SolrDispatchFilter.java:317)
	at org.apache.solr.servlet.SolrDispatchFilter.doFilter(SolrDispatchFilter.java:217)
	at org.eclipse.jetty.servlet.ServletHandler$CachedChain.doFilter(ServletHandler.java:1419)
	at org.eclipse.jetty.servlet.ServletHandler.doHandle(ServletHandler.java:455)
	at org.eclipse.jetty.server.handler.ScopedHandler.handle(ScopedHandler.java:137)
	at org.eclipse.jetty.security.SecurityHandler.handle(SecurityHandler.java:557)
	at org.eclipse.jetty.server.session.SessionHandler.doHandle(SessionHandler.java:231)
	at org.eclipse.jetty.server.handler.ContextHandler.doHandle(ContextHandler.java:1075)
	at org.eclipse.jetty.servlet.ServletHandler.doScope(ServletHandler.java:384)
	at org.eclipse.jetty.server.session.SessionHandler.doScope(SessionHandler.java:193)
	at org.eclipse.jetty.server.handler.ContextHandler.doScope(ContextHandler.java:1009)
	at org.eclipse.jetty.server.handler.ScopedHandler.handle(ScopedHandler.java:135)
	at org.eclipse.jetty.server.handler.ContextHandlerCollection.handle(ContextHandlerCollection.java:255)
	at org.eclipse.jetty.server.handler.HandlerCollection.handle(HandlerCollection.java:154)
	at org.eclipse.jetty.server.handler.HandlerWrapper.handle(HandlerWrapper.java:116)
	at org.eclipse.jetty.server.Server.handle(Server.java:368)
	at org.eclipse.jetty.server.AbstractHttpConnection.handleRequest(AbstractHttpConnection.java:489)
	at org.eclipse.jetty.server.BlockingHttpConnection.handleRequest(BlockingHttpConnection.java:53)
	at org.eclipse.jetty.server.AbstractHttpConnection.headerComplete(AbstractHttpConnection.java:942)
	at org.eclipse.jetty.server.AbstractHttpConnection$RequestHandler.headerComplete(AbstractHttpConnection.java:1004)
	at org.eclipse.jetty.http.HttpParser.parseNext(HttpParser.java:640)
	at org.eclipse.jetty.http.HttpParser.parseAvailable(HttpParser.java:235)
	at org.eclipse.jetty.server.BlockingHttpConnection.handle(BlockingHttpConnection.java:72)
	at org.eclipse.jetty.server.bio.SocketConnector$ConnectorEndPoint.run(SocketConnector.java:264)
	at org.eclipse.jetty.util.thread.QueuedThreadPool.runJob(QueuedThreadPool.java:608)
	at org.eclipse.jetty.util.thread.QueuedThreadPool$3.run(QueuedThreadPool.java:543)
	at java.lang.Thread.run(Thread.java:744)
Caused by: org.apache.solr.common.SolrException: Could not load config file /home/ubuntu/EECS549ProjectSolr/solr-4.7.1/example/exampledocs/solr/collection1/solrconfig.xml
	at org.apache.solr.core.CoreContainer.createFromLocal(CoreContainer.java:530)
	at org.apache.solr.core.CoreContainer.create(CoreContainer.java:597)
	at org.apache.solr.core.CoreContainer$1.call(CoreContainer.java:258)
	at org.apache.solr.core.CoreContainer$1.call(CoreContainer.java:250)
	at java.util.concurrent.FutureTask.run(FutureTask.java:262)
	at java.util.concurrent.Executors$RunnableAdapter.call(Executors.java:471)
	at java.util.concurrent.FutureTask.run(FutureTask.java:262)
	at java.util.concurrent.ThreadPoolExecutor.runWorker(ThreadPoolExecutor.java:1145)
	at java.util.concurrent.ThreadPoolExecutor$Worker.run(ThreadPoolExecutor.java:615)
	... 1 more
Caused by: java.io.IOException: Can't find resource 'solrconfig.xml' in classpath or '/home/ubuntu/EECS549ProjectSolr/solr-4.7.1/example/exampledocs/solr/collection1/conf'
	at org.apache.solr.core.SolrResourceLoader.openResource(SolrResourceLoader.java:342)
	at org.apache.solr.core.SolrResourceLoader.openConfig(SolrResourceLoader.java:288)
	at org.apache.solr.core.Config.<init>(Config.java:116)
	at org.apache.solr.core.Config.<init>(Config.java:86)
	at org.apache.solr.core.SolrConfig.<init>(SolrConfig.java:140)
	at org.apache.solr.core.CoreContainer.createFromLocal(CoreContainer.java:527)
	... 9 more

56977 [qtp1726919333-11] ERROR org.apache.solr.servlet.SolrDispatchFilter  – null:org.apache.solr.common.SolrException: SolrCore 'collection1' is not available due to init failure: Could not load config file /home/ubuntu/EECS549ProjectSolr/solr-4.7.1/example/exampledocs/solr/collection1/solrconfig.xml
	at org.apache.solr.core.CoreContainer.getCore(CoreContainer.java:827)
	at org.apache.solr.servlet.SolrDispatchFilter.doFilter(SolrDispatchFilter.java:317)
	at org.apache.solr.servlet.SolrDispatchFilter.doFilter(SolrDispatchFilter.java:217)
	at org.eclipse.jetty.servlet.ServletHandler$CachedChain.doFilter(ServletHandler.java:1419)
	at org.eclipse.jetty.servlet.ServletHandler.doHandle(ServletHandler.java:455)
	at org.eclipse.jetty.server.handler.ScopedHandler.handle(ScopedHandler.java:137)
	at org.eclipse.jetty.security.SecurityHandler.handle(SecurityHandler.java:557)
	at org.eclipse.jetty.server.session.SessionHandler.doHandle(SessionHandler.java:231)
	at org.eclipse.jetty.server.handler.ContextHandler.doHandle(ContextHandler.java:1075)
	at org.eclipse.jetty.servlet.ServletHandler.doScope(ServletHandler.java:384)
	at org.eclipse.jetty.server.session.SessionHandler.doScope(SessionHandler.java:193)
	at org.eclipse.jetty.server.handler.ContextHandler.doScope(ContextHandler.java:1009)
	at org.eclipse.jetty.server.handler.ScopedHandler.handle(ScopedHandler.java:135)
	at org.eclipse.jetty.server.handler.ContextHandlerCollection.handle(ContextHandlerCollection.java:255)
	at org.eclipse.jetty.server.handler.HandlerCollection.handle(HandlerCollection.java:154)
	at org.eclipse.jetty.server.handler.HandlerWrapper.handle(HandlerWrapper.java:116)
	at org.eclipse.jetty.server.Server.handle(Server.java:368)
	at org.eclipse.jetty.server.AbstractHttpConnection.handleRequest(AbstractHttpConnection.java:489)
	at org.eclipse.jetty.server.BlockingHttpConnection.handleRequest(BlockingHttpConnection.java:53)
	at org.eclipse.jetty.server.AbstractHttpConnection.headerComplete(AbstractHttpConnection.java:942)
	at org.eclipse.jetty.server.AbstractHttpConnection$RequestHandler.headerComplete(AbstractHttpConnection.java:1004)
	at org.eclipse.jetty.http.HttpParser.parseNext(HttpParser.java:640)
	at org.eclipse.jetty.http.HttpParser.parseAvailable(HttpParser.java:235)
	at org.eclipse.jetty.server.BlockingHttpConnection.handle(BlockingHttpConnection.java:72)
	at org.eclipse.jetty.server.bio.SocketConnector$ConnectorEndPoint.run(SocketConnector.java:264)
	at org.eclipse.jetty.util.thread.QueuedThreadPool.runJob(QueuedThreadPool.java:608)
	at org.eclipse.jetty.util.thread.QueuedThreadPool$3.run(QueuedThreadPool.java:543)
	at java.lang.Thread.run(Thread.java:744)
Caused by: org.apache.solr.common.SolrException: Could not load config file /home/ubuntu/EECS549ProjectSolr/solr-4.7.1/example/exampledocs/solr/collection1/solrconfig.xml
	at org.apache.solr.core.CoreContainer.createFromLocal(CoreContainer.java:530)
	at org.apache.solr.core.CoreContainer.create(CoreContainer.java:597)
	at org.apache.solr.core.CoreContainer$1.call(CoreContainer.java:258)
	at org.apache.solr.core.CoreContainer$1.call(CoreContainer.java:250)
	at java.util.concurrent.FutureTask.run(FutureTask.java:262)
	at java.util.concurrent.Executors$RunnableAdapter.call(Executors.java:471)
	at java.util.concurrent.FutureTask.run(FutureTask.java:262)
	at java.util.concurrent.ThreadPoolExecutor.runWorker(ThreadPoolExecutor.java:1145)
	at java.util.concurrent.ThreadPoolExecutor$Worker.run(ThreadPoolExecutor.java:615)
	... 1 more
Caused by: java.io.IOException: Can't find resource 'solrconfig.xml' in classpath or '/home/ubuntu/EECS549ProjectSolr/solr-4.7.1/example/exampledocs/solr/collection1/conf'
	at org.apache.solr.core.SolrResourceLoader.openResource(SolrResourceLoader.java:342)
	at org.apache.solr.core.SolrResourceLoader.openConfig(SolrResourceLoader.java:288)
	at org.apache.solr.core.Config.<init>(Config.java:116)
	at org.apache.solr.core.Config.<init>(Config.java:86)
	at org.apache.solr.core.SolrConfig.<init>(SolrConfig.java:140)
	at org.apache.solr.core.CoreContainer.createFromLocal(CoreContainer.java:527)
	... 9 more

160214 [Thread-0] INFO  org.eclipse.jetty.server.Server  – Graceful shutdown SocketConnector@0.0.0.0:8983
160222 [Thread-0] INFO  org.eclipse.jetty.server.Server  – Graceful shutdown o.e.j.w.WebAppContext{/solr,file:/home/ubuntu/EECS549ProjectSolr/solr-4.7.1/example/exampledocs/solr-webapp/webapp/},/home/ubuntu/EECS549ProjectSolr/solr-4.7.1/example/webapps/solr.war
161223 [Thread-0] INFO  org.apache.solr.core.CoreContainer  – Shutting down CoreContainer instance=16189702
161226 [Thread-0] INFO  org.eclipse.jetty.server.handler.ContextHandler  – stopped o.e.j.w.WebAppContext{/solr,file:/home/ubuntu/EECS549ProjectSolr/solr-4.7.1/example/exampledocs/solr-webapp/webapp/},/home/ubuntu/EECS549ProjectSolr/solr-4.7.1/example/webapps/solr.war
0    [main] INFO  org.eclipse.jetty.server.Server  – jetty-8.1.10.v20130312
43   [main] INFO  org.eclipse.jetty.deploy.providers.ScanningAppProvider  – Deployment monitor /home/ubuntu/EECS549ProjectSolr/solr-4.7.1/example/contexts at interval 0
58   [main] INFO  org.eclipse.jetty.deploy.DeploymentManager  – Deployable added: /home/ubuntu/EECS549ProjectSolr/solr-4.7.1/example/contexts/solr-jetty-context.xml
2509 [main] INFO  org.eclipse.jetty.webapp.StandardDescriptorProcessor  – NO JSP Support for /solr, did not find org.apache.jasper.servlet.JspServlet
2703 [main] INFO  org.apache.solr.servlet.SolrDispatchFilter  – SolrDispatchFilter.init()
2738 [main] INFO  org.apache.solr.core.SolrResourceLoader  – JNDI not configured for solr (NoInitialContextEx)
2738 [main] INFO  org.apache.solr.core.SolrResourceLoader  – solr home defaulted to 'solr/' (could not find system property or JNDI)
2739 [main] INFO  org.apache.solr.core.SolrResourceLoader  – new SolrResourceLoader for directory: 'solr/'
3088 [main] INFO  org.apache.solr.core.ConfigSolr  – Loading container configuration from /home/ubuntu/EECS549ProjectSolr/solr-4.7.1/example/exampledocs/solr/solr.xml
3110 [main] INFO  org.apache.solr.core.ConfigSolr  – /home/ubuntu/EECS549ProjectSolr/solr-4.7.1/example/exampledocs/solr/solr.xml does not exist, using default configuration
3456 [main] INFO  org.apache.solr.core.CoreContainer  – New CoreContainer 1632732398
3457 [main] INFO  org.apache.solr.core.CoreContainer  – Loading cores into CoreContainer [instanceDir=solr/]
3472 [main] INFO  org.apache.solr.handler.component.HttpShardHandlerFactory  – Setting socketTimeout to: 0
3473 [main] INFO  org.apache.solr.handler.component.HttpShardHandlerFactory  – Setting urlScheme to: null
3473 [main] INFO  org.apache.solr.handler.component.HttpShardHandlerFactory  – Setting connTimeout to: 0
3473 [main] INFO  org.apache.solr.handler.component.HttpShardHandlerFactory  – Setting maxConnectionsPerHost to: 20
3477 [main] INFO  org.apache.solr.handler.component.HttpShardHandlerFactory  – Setting corePoolSize to: 0
3477 [main] INFO  org.apache.solr.handler.component.HttpShardHandlerFactory  – Setting maximumPoolSize to: 2147483647
3478 [main] INFO  org.apache.solr.handler.component.HttpShardHandlerFactory  – Setting maxThreadIdleTime to: 5
3478 [main] INFO  org.apache.solr.handler.component.HttpShardHandlerFactory  – Setting sizeOfQueue to: -1
3478 [main] INFO  org.apache.solr.handler.component.HttpShardHandlerFactory  – Setting fairnessPolicy to: false
3957 [main] INFO  org.apache.solr.logging.LogWatcher  – SLF4J impl is org.slf4j.impl.Log4jLoggerFactory
3970 [main] INFO  org.apache.solr.logging.LogWatcher  – Registering Log Listener [Log4j (org.slf4j.impl.Log4jLoggerFactory)]
3978 [main] INFO  org.apache.solr.core.CoreContainer  – Host Name: 
4064 [coreLoadExecutor-4-thread-1] INFO  org.apache.solr.core.CoreContainer  – Creating SolrCore 'collection1' using instanceDir: solr/collection1
4065 [coreLoadExecutor-4-thread-1] INFO  org.apache.solr.core.SolrResourceLoader  – new SolrResourceLoader for directory: 'solr/collection1/'
4094 [coreLoadExecutor-4-thread-1] ERROR org.apache.solr.core.CoreContainer  – Failed to load file /home/ubuntu/EECS549ProjectSolr/solr-4.7.1/example/exampledocs/solr/collection1/solrconfig.xml
4096 [coreLoadExecutor-4-thread-1] ERROR org.apache.solr.core.CoreContainer  – Unable to create core: collection1
org.apache.solr.common.SolrException: Could not load config file /home/ubuntu/EECS549ProjectSolr/solr-4.7.1/example/exampledocs/solr/collection1/solrconfig.xml
	at org.apache.solr.core.CoreContainer.createFromLocal(CoreContainer.java:530)
	at org.apache.solr.core.CoreContainer.create(CoreContainer.java:597)
	at org.apache.solr.core.CoreContainer$1.call(CoreContainer.java:258)
	at org.apache.solr.core.CoreContainer$1.call(CoreContainer.java:250)
	at java.util.concurrent.FutureTask.run(FutureTask.java:262)
	at java.util.concurrent.Executors$RunnableAdapter.call(Executors.java:471)
	at java.util.concurrent.FutureTask.run(FutureTask.java:262)
	at java.util.concurrent.ThreadPoolExecutor.runWorker(ThreadPoolExecutor.java:1145)
	at java.util.concurrent.ThreadPoolExecutor$Worker.run(ThreadPoolExecutor.java:615)
	at java.lang.Thread.run(Thread.java:744)
Caused by: java.io.IOException: Can't find resource 'solrconfig.xml' in classpath or '/home/ubuntu/EECS549ProjectSolr/solr-4.7.1/example/exampledocs/solr/collection1/conf'
	at org.apache.solr.core.SolrResourceLoader.openResource(SolrResourceLoader.java:342)
	at org.apache.solr.core.SolrResourceLoader.openConfig(SolrResourceLoader.java:288)
	at org.apache.solr.core.Config.<init>(Config.java:116)
	at org.apache.solr.core.Config.<init>(Config.java:86)
	at org.apache.solr.core.SolrConfig.<init>(SolrConfig.java:140)
	at org.apache.solr.core.CoreContainer.createFromLocal(CoreContainer.java:527)
	... 9 more
4107 [coreLoadExecutor-4-thread-1] ERROR org.apache.solr.core.CoreContainer  – null:org.apache.solr.common.SolrException: Unable to create core: collection1
	at org.apache.solr.core.CoreContainer.recordAndThrow(CoreContainer.java:989)
	at org.apache.solr.core.CoreContainer.create(CoreContainer.java:606)
	at org.apache.solr.core.CoreContainer$1.call(CoreContainer.java:258)
	at org.apache.solr.core.CoreContainer$1.call(CoreContainer.java:250)
	at java.util.concurrent.FutureTask.run(FutureTask.java:262)
	at java.util.concurrent.Executors$RunnableAdapter.call(Executors.java:471)
	at java.util.concurrent.FutureTask.run(FutureTask.java:262)
	at java.util.concurrent.ThreadPoolExecutor.runWorker(ThreadPoolExecutor.java:1145)
	at java.util.concurrent.ThreadPoolExecutor$Worker.run(ThreadPoolExecutor.java:615)
	at java.lang.Thread.run(Thread.java:744)
Caused by: org.apache.solr.common.SolrException: Could not load config file /home/ubuntu/EECS549ProjectSolr/solr-4.7.1/example/exampledocs/solr/collection1/solrconfig.xml
	at org.apache.solr.core.CoreContainer.createFromLocal(CoreContainer.java:530)
	at org.apache.solr.core.CoreContainer.create(CoreContainer.java:597)
	... 8 more
Caused by: java.io.IOException: Can't find resource 'solrconfig.xml' in classpath or '/home/ubuntu/EECS549ProjectSolr/solr-4.7.1/example/exampledocs/solr/collection1/conf'
	at org.apache.solr.core.SolrResourceLoader.openResource(SolrResourceLoader.java:342)
	at org.apache.solr.core.SolrResourceLoader.openConfig(SolrResourceLoader.java:288)
	at org.apache.solr.core.Config.<init>(Config.java:116)
	at org.apache.solr.core.Config.<init>(Config.java:86)
	at org.apache.solr.core.SolrConfig.<init>(SolrConfig.java:140)
	at org.apache.solr.core.CoreContainer.createFromLocal(CoreContainer.java:527)
	... 9 more

4109 [main] INFO  org.apache.solr.servlet.SolrDispatchFilter  – user.dir=/home/ubuntu/EECS549ProjectSolr/solr-4.7.1/example/exampledocs
4110 [main] INFO  org.apache.solr.servlet.SolrDispatchFilter  – SolrDispatchFilter.init() done
4248 [main] INFO  org.eclipse.jetty.server.AbstractConnector  – Started SocketConnector@0.0.0.0:8983
20779 [qtp1726919333-11] ERROR org.apache.solr.servlet.SolrDispatchFilter  – null:org.apache.solr.common.SolrException: SolrCore 'collection1' is not available due to init failure: Could not load config file /home/ubuntu/EECS549ProjectSolr/solr-4.7.1/example/exampledocs/solr/collection1/solrconfig.xml
	at org.apache.solr.core.CoreContainer.getCore(CoreContainer.java:827)
	at org.apache.solr.servlet.SolrDispatchFilter.doFilter(SolrDispatchFilter.java:317)
	at org.apache.solr.servlet.SolrDispatchFilter.doFilter(SolrDispatchFilter.java:217)
	at org.eclipse.jetty.servlet.ServletHandler$CachedChain.doFilter(ServletHandler.java:1419)
	at org.eclipse.jetty.servlet.ServletHandler.doHandle(ServletHandler.java:455)
	at org.eclipse.jetty.server.handler.ScopedHandler.handle(ScopedHandler.java:137)
	at org.eclipse.jetty.security.SecurityHandler.handle(SecurityHandler.java:557)
	at org.eclipse.jetty.server.session.SessionHandler.doHandle(SessionHandler.java:231)
	at org.eclipse.jetty.server.handler.ContextHandler.doHandle(ContextHandler.java:1075)
	at org.eclipse.jetty.servlet.ServletHandler.doScope(ServletHandler.java:384)
	at org.eclipse.jetty.server.session.SessionHandler.doScope(SessionHandler.java:193)
	at org.eclipse.jetty.server.handler.ContextHandler.doScope(ContextHandler.java:1009)
	at org.eclipse.jetty.server.handler.ScopedHandler.handle(ScopedHandler.java:135)
	at org.eclipse.jetty.server.handler.ContextHandlerCollection.handle(ContextHandlerCollection.java:255)
	at org.eclipse.jetty.server.handler.HandlerCollection.handle(HandlerCollection.java:154)
	at org.eclipse.jetty.server.handler.HandlerWrapper.handle(HandlerWrapper.java:116)
	at org.eclipse.jetty.server.Server.handle(Server.java:368)
	at org.eclipse.jetty.server.AbstractHttpConnection.handleRequest(AbstractHttpConnection.java:489)
	at org.eclipse.jetty.server.BlockingHttpConnection.handleRequest(BlockingHttpConnection.java:53)
	at org.eclipse.jetty.server.AbstractHttpConnection.headerComplete(AbstractHttpConnection.java:942)
	at org.eclipse.jetty.server.AbstractHttpConnection$RequestHandler.headerComplete(AbstractHttpConnection.java:1004)
	at org.eclipse.jetty.http.HttpParser.parseNext(HttpParser.java:640)
	at org.eclipse.jetty.http.HttpParser.parseAvailable(HttpParser.java:235)
	at org.eclipse.jetty.server.BlockingHttpConnection.handle(BlockingHttpConnection.java:72)
	at org.eclipse.jetty.server.bio.SocketConnector$ConnectorEndPoint.run(SocketConnector.java:264)
	at org.eclipse.jetty.util.thread.QueuedThreadPool.runJob(QueuedThreadPool.java:608)
	at org.eclipse.jetty.util.thread.QueuedThreadPool$3.run(QueuedThreadPool.java:543)
	at java.lang.Thread.run(Thread.java:744)
Caused by: org.apache.solr.common.SolrException: Could not load config file /home/ubuntu/EECS549ProjectSolr/solr-4.7.1/example/exampledocs/solr/collection1/solrconfig.xml
	at org.apache.solr.core.CoreContainer.createFromLocal(CoreContainer.java:530)
	at org.apache.solr.core.CoreContainer.create(CoreContainer.java:597)
	at org.apache.solr.core.CoreContainer$1.call(CoreContainer.java:258)
	at org.apache.solr.core.CoreContainer$1.call(CoreContainer.java:250)
	at java.util.concurrent.FutureTask.run(FutureTask.java:262)
	at java.util.concurrent.Executors$RunnableAdapter.call(Executors.java:471)
	at java.util.concurrent.FutureTask.run(FutureTask.java:262)
	at java.util.concurrent.ThreadPoolExecutor.runWorker(ThreadPoolExecutor.java:1145)
	at java.util.concurrent.ThreadPoolExecutor$Worker.run(ThreadPoolExecutor.java:615)
	... 1 more
Caused by: java.io.IOException: Can't find resource 'solrconfig.xml' in classpath or '/home/ubuntu/EECS549ProjectSolr/solr-4.7.1/example/exampledocs/solr/collection1/conf'
	at org.apache.solr.core.SolrResourceLoader.openResource(SolrResourceLoader.java:342)
	at org.apache.solr.core.SolrResourceLoader.openConfig(SolrResourceLoader.java:288)
	at org.apache.solr.core.Config.<init>(Config.java:116)
	at org.apache.solr.core.Config.<init>(Config.java:86)
	at org.apache.solr.core.SolrConfig.<init>(SolrConfig.java:140)
	at org.apache.solr.core.CoreContainer.createFromLocal(CoreContainer.java:527)
	... 9 more

23220 [qtp1726919333-12] ERROR org.apache.solr.servlet.SolrDispatchFilter  – null:org.apache.solr.common.SolrException: SolrCore 'collection1' is not available due to init failure: Could not load config file /home/ubuntu/EECS549ProjectSolr/solr-4.7.1/example/exampledocs/solr/collection1/solrconfig.xml
	at org.apache.solr.core.CoreContainer.getCore(CoreContainer.java:827)
	at org.apache.solr.servlet.SolrDispatchFilter.doFilter(SolrDispatchFilter.java:317)
	at org.apache.solr.servlet.SolrDispatchFilter.doFilter(SolrDispatchFilter.java:217)
	at org.eclipse.jetty.servlet.ServletHandler$CachedChain.doFilter(ServletHandler.java:1419)
	at org.eclipse.jetty.servlet.ServletHandler.doHandle(ServletHandler.java:455)
	at org.eclipse.jetty.server.handler.ScopedHandler.handle(ScopedHandler.java:137)
	at org.eclipse.jetty.security.SecurityHandler.handle(SecurityHandler.java:557)
	at org.eclipse.jetty.server.session.SessionHandler.doHandle(SessionHandler.java:231)
	at org.eclipse.jetty.server.handler.ContextHandler.doHandle(ContextHandler.java:1075)
	at org.eclipse.jetty.servlet.ServletHandler.doScope(ServletHandler.java:384)
	at org.eclipse.jetty.server.session.SessionHandler.doScope(SessionHandler.java:193)
	at org.eclipse.jetty.server.handler.ContextHandler.doScope(ContextHandler.java:1009)
	at org.eclipse.jetty.server.handler.ScopedHandler.handle(ScopedHandler.java:135)
	at org.eclipse.jetty.server.handler.ContextHandlerCollection.handle(ContextHandlerCollection.java:255)
	at org.eclipse.jetty.server.handler.HandlerCollection.handle(HandlerCollection.java:154)
	at org.eclipse.jetty.server.handler.HandlerWrapper.handle(HandlerWrapper.java:116)
	at org.eclipse.jetty.server.Server.handle(Server.java:368)
	at org.eclipse.jetty.server.AbstractHttpConnection.handleRequest(AbstractHttpConnection.java:489)
	at org.eclipse.jetty.server.BlockingHttpConnection.handleRequest(BlockingHttpConnection.java:53)
	at org.eclipse.jetty.server.AbstractHttpConnection.headerComplete(AbstractHttpConnection.java:942)
	at org.eclipse.jetty.server.AbstractHttpConnection$RequestHandler.headerComplete(AbstractHttpConnection.java:1004)
	at org.eclipse.jetty.http.HttpParser.parseNext(HttpParser.java:640)
	at org.eclipse.jetty.http.HttpParser.parseAvailable(HttpParser.java:235)
	at org.eclipse.jetty.server.BlockingHttpConnection.handle(BlockingHttpConnection.java:72)
	at org.eclipse.jetty.server.bio.SocketConnector$ConnectorEndPoint.run(SocketConnector.java:264)
	at org.eclipse.jetty.util.thread.QueuedThreadPool.runJob(QueuedThreadPool.java:608)
	at org.eclipse.jetty.util.thread.QueuedThreadPool$3.run(QueuedThreadPool.java:543)
	at java.lang.Thread.run(Thread.java:744)
Caused by: org.apache.solr.common.SolrException: Could not load config file /home/ubuntu/EECS549ProjectSolr/solr-4.7.1/example/exampledocs/solr/collection1/solrconfig.xml
	at org.apache.solr.core.CoreContainer.createFromLocal(CoreContainer.java:530)
	at org.apache.solr.core.CoreContainer.create(CoreContainer.java:597)
	at org.apache.solr.core.CoreContainer$1.call(CoreContainer.java:258)
	at org.apache.solr.core.CoreContainer$1.call(CoreContainer.java:250)
	at java.util.concurrent.FutureTask.run(FutureTask.java:262)
	at java.util.concurrent.Executors$RunnableAdapter.call(Executors.java:471)
	at java.util.concurrent.FutureTask.run(FutureTask.java:262)
	at java.util.concurrent.ThreadPoolExecutor.runWorker(ThreadPoolExecutor.java:1145)
	at java.util.concurrent.ThreadPoolExecutor$Worker.run(ThreadPoolExecutor.java:615)
	... 1 more
Caused by: java.io.IOException: Can't find resource 'solrconfig.xml' in classpath or '/home/ubuntu/EECS549ProjectSolr/solr-4.7.1/example/exampledocs/solr/collection1/conf'
	at org.apache.solr.core.SolrResourceLoader.openResource(SolrResourceLoader.java:342)
	at org.apache.solr.core.SolrResourceLoader.openConfig(SolrResourceLoader.java:288)
	at org.apache.solr.core.Config.<init>(Config.java:116)
	at org.apache.solr.core.Config.<init>(Config.java:86)
	at org.apache.solr.core.SolrConfig.<init>(SolrConfig.java:140)
	at org.apache.solr.core.CoreContainer.createFromLocal(CoreContainer.java:527)
	... 9 more

23332 [qtp1726919333-11] ERROR org.apache.solr.servlet.SolrDispatchFilter  – null:org.apache.solr.common.SolrException: SolrCore 'collection1' is not available due to init failure: Could not load config file /home/ubuntu/EECS549ProjectSolr/solr-4.7.1/example/exampledocs/solr/collection1/solrconfig.xml
	at org.apache.solr.core.CoreContainer.getCore(CoreContainer.java:827)
	at org.apache.solr.servlet.SolrDispatchFilter.doFilter(SolrDispatchFilter.java:317)
	at org.apache.solr.servlet.SolrDispatchFilter.doFilter(SolrDispatchFilter.java:217)
	at org.eclipse.jetty.servlet.ServletHandler$CachedChain.doFilter(ServletHandler.java:1419)
	at org.eclipse.jetty.servlet.ServletHandler.doHandle(ServletHandler.java:455)
	at org.eclipse.jetty.server.handler.ScopedHandler.handle(ScopedHandler.java:137)
	at org.eclipse.jetty.security.SecurityHandler.handle(SecurityHandler.java:557)
	at org.eclipse.jetty.server.session.SessionHandler.doHandle(SessionHandler.java:231)
	at org.eclipse.jetty.server.handler.ContextHandler.doHandle(ContextHandler.java:1075)
	at org.eclipse.jetty.servlet.ServletHandler.doScope(ServletHandler.java:384)
	at org.eclipse.jetty.server.session.SessionHandler.doScope(SessionHandler.java:193)
	at org.eclipse.jetty.server.handler.ContextHandler.doScope(ContextHandler.java:1009)
	at org.eclipse.jetty.server.handler.ScopedHandler.handle(ScopedHandler.java:135)
	at org.eclipse.jetty.server.handler.ContextHandlerCollection.handle(ContextHandlerCollection.java:255)
	at org.eclipse.jetty.server.handler.HandlerCollection.handle(HandlerCollection.java:154)
	at org.eclipse.jetty.server.handler.HandlerWrapper.handle(HandlerWrapper.java:116)
	at org.eclipse.jetty.server.Server.handle(Server.java:368)
	at org.eclipse.jetty.server.AbstractHttpConnection.handleRequest(AbstractHttpConnection.java:489)
	at org.eclipse.jetty.server.BlockingHttpConnection.handleRequest(BlockingHttpConnection.java:53)
	at org.eclipse.jetty.server.AbstractHttpConnection.headerComplete(AbstractHttpConnection.java:942)
	at org.eclipse.jetty.server.AbstractHttpConnection$RequestHandler.headerComplete(AbstractHttpConnection.java:1004)
	at org.eclipse.jetty.http.HttpParser.parseNext(HttpParser.java:640)
	at org.eclipse.jetty.http.HttpParser.parseAvailable(HttpParser.java:235)
	at org.eclipse.jetty.server.BlockingHttpConnection.handle(BlockingHttpConnection.java:72)
	at org.eclipse.jetty.server.bio.SocketConnector$ConnectorEndPoint.run(SocketConnector.java:264)
	at org.eclipse.jetty.util.thread.QueuedThreadPool.runJob(QueuedThreadPool.java:608)
	at org.eclipse.jetty.util.thread.QueuedThreadPool$3.run(QueuedThreadPool.java:543)
	at java.lang.Thread.run(Thread.java:744)
Caused by: org.apache.solr.common.SolrException: Could not load config file /home/ubuntu/EECS549ProjectSolr/solr-4.7.1/example/exampledocs/solr/collection1/solrconfig.xml
	at org.apache.solr.core.CoreContainer.createFromLocal(CoreContainer.java:530)
	at org.apache.solr.core.CoreContainer.create(CoreContainer.java:597)
	at org.apache.solr.core.CoreContainer$1.call(CoreContainer.java:258)
	at org.apache.solr.core.CoreContainer$1.call(CoreContainer.java:250)
	at java.util.concurrent.FutureTask.run(FutureTask.java:262)
	at java.util.concurrent.Executors$RunnableAdapter.call(Executors.java:471)
	at java.util.concurrent.FutureTask.run(FutureTask.java:262)
	at java.util.concurrent.ThreadPoolExecutor.runWorker(ThreadPoolExecutor.java:1145)
	at java.util.concurrent.ThreadPoolExecutor$Worker.run(ThreadPoolExecutor.java:615)
	... 1 more
Caused by: java.io.IOException: Can't find resource 'solrconfig.xml' in classpath or '/home/ubuntu/EECS549ProjectSolr/solr-4.7.1/example/exampledocs/solr/collection1/conf'
	at org.apache.solr.core.SolrResourceLoader.openResource(SolrResourceLoader.java:342)
	at org.apache.solr.core.SolrResourceLoader.openConfig(SolrResourceLoader.java:288)
	at org.apache.solr.core.Config.<init>(Config.java:116)
	at org.apache.solr.core.Config.<init>(Config.java:86)
	at org.apache.solr.core.SolrConfig.<init>(SolrConfig.java:140)
	at org.apache.solr.core.CoreContainer.createFromLocal(CoreContainer.java:527)
	... 9 more

122199 [Thread-0] INFO  org.eclipse.jetty.server.Server  – Graceful shutdown SocketConnector@0.0.0.0:8983
122207 [Thread-0] INFO  org.eclipse.jetty.server.Server  – Graceful shutdown o.e.j.w.WebAppContext{/solr,file:/home/ubuntu/EECS549ProjectSolr/solr-4.7.1/example/exampledocs/solr-webapp/webapp/},/home/ubuntu/EECS549ProjectSolr/solr-4.7.1/example/webapps/solr.war
123208 [Thread-0] INFO  org.apache.solr.core.CoreContainer  – Shutting down CoreContainer instance=1632732398
123211 [Thread-0] INFO  org.eclipse.jetty.server.handler.ContextHandler  – stopped o.e.j.w.WebAppContext{/solr,file:/home/ubuntu/EECS549ProjectSolr/solr-4.7.1/example/exampledocs/solr-webapp/webapp/},/home/ubuntu/EECS549ProjectSolr/solr-4.7.1/example/webapps/solr.war
